[debug] [2023-01-28T21:35:12.084Z] ----------------------------------------------------------------------
[debug] [2023-01-28T21:35:12.086Z] Command:       C:\Users\Fathima Saajidh\.nvm\versions\node\v18.12.1\bin\node.exe C:\Users\Fathima Saajidh\.nvm\versions\node\v18.12.1\bin\node_modules\firebase-tools\lib\bin\firebase.js init hosting
[debug] [2023-01-28T21:35:12.086Z] CLI Version:   11.21.0
[debug] [2023-01-28T21:35:12.086Z] Platform:      win32
[debug] [2023-01-28T21:35:12.086Z] Node Version:  v18.12.1
[debug] [2023-01-28T21:35:12.087Z] Time:          Sun Jan 29 2023 03:05:12 GMT+0530 (India Standard Time)
[debug] [2023-01-28T21:35:12.088Z] ----------------------------------------------------------------------
[debug] 
[debug] [2023-01-28T21:35:12.094Z] > command requires scopes: ["email","openid","https://www.googleapis.com/auth/cloudplatformprojects.readonly","https://www.googleapis.com/auth/firebase","https://www.googleapis.com/auth/cloud-platform"]
[debug] [2023-01-28T21:35:12.095Z] > authorizing via signed-in user (fathimasaajidh@gmail.com)
[info] 
     ######## #### ########  ######## ########     ###     ######  ########
     ##        ##  ##     ## ##       ##     ##  ##   ##  ##       ##
     ######    ##  ########  ######   ########  #########  ######  ######
     ##        ##  ##    ##  ##       ##     ## ##     ##       ## ##
     ##       #### ##     ## ######## ########  ##     ##  ######  ########

You're about to initialize a Firebase project in this directory:

  C:\Users\Fathima Saajidh\Desktop\portfolio-saajith

[info] 
=== Project Setup
[info] 
[info] First, let's associate this project directory with a Firebase project.
[info] You can create multiple project aliases by running firebase use --add, 
[info] but for now we'll just set up a default project.
[info] 
